{"time":"2026-03-07T00:28:32","level":"WARNING","logger":"uvicorn.error","msg":"Invalid HTTP request received."}
{"time":"2026-03-08T12:13:40","level":"WARNING","logger":"uvicorn.error","msg":"Unsupported upgrade request."}
{"time":"2026-03-08T12:13:40","level":"WARNING","logger":"uvicorn.error","msg":"No supported WebSocket library detected. Please use "pip install 'uvicorn[standard]'", or install 'websockets' or 'wsproto' manually."}
{"time":"2026-03-08T12:13:58","level":"WARNING","logger":"uvicorn.error","msg":"Unsupported upgrade request."}
{"time":"2026-03-08T12:13:58","level":"WARNING","logger":"uvicorn.error","msg":"No supported WebSocket library detected. Please use "pip install 'uvicorn[standard]'", or install 'websockets' or 'wsproto' manually."}
{"time":"2026-03-08T12:16:03","level":"WARNING","logger":"uvicorn.error","msg":"Unsupported upgrade request."}
{"time":"2026-03-08T12:16:03","level":"WARNING","logger":"uvicorn.error","msg":"No supported WebSocket library detected. Please use "pip install 'uvicorn[standard]'", or install 'websockets' or 'wsproto' manually."}
{"time":"2026-03-08T12:22:15","level":"ERROR","logger":"uvicorn.error","msg":"[Errno 10048] error while attempting to bind on address ('127.0.0.1', 8000): [winerror 10048] only one usage of each socket address (protocol/network address/port) is normally permitted"}
{"time":"2026-03-08T12:22:18","level":"WARNING","logger":"uvicorn.error","msg":"Unsupported upgrade request."}
{"time":"2026-03-08T12:22:18","level":"WARNING","logger":"uvicorn.error","msg":"No supported WebSocket library detected. Please use "pip install 'uvicorn[standard]'", or install 'websockets' or 'wsproto' manually."}
{"time":"2026-03-08T12:22:35","level":"WARNING","logger":"uvicorn.error","msg":"Unsupported upgrade request."}
{"time":"2026-03-08T12:22:35","level":"WARNING","logger":"uvicorn.error","msg":"No supported WebSocket library detected. Please use "pip install 'uvicorn[standard]'", or install 'websockets' or 'wsproto' manually."}
{"time":"2026-03-08T12:23:28","level":"ERROR","logger":"uvicorn.error","msg":"[Errno 10048] error while attempting to bind on address ('127.0.0.1', 8000): [winerror 10048] only one usage of each socket address (protocol/network address/port) is normally permitted"}
{"time":"2026-03-08T12:23:31","level":"WARNING","logger":"uvicorn.error","msg":"Unsupported upgrade request."}
{"time":"2026-03-08T12:23:31","level":"WARNING","logger":"uvicorn.error","msg":"No supported WebSocket library detected. Please use "pip install 'uvicorn[standard]'", or install 'websockets' or 'wsproto' manually."}
{"time":"2026-03-08T12:23:48","level":"ERROR","logger":"uvicorn.error","msg":"[Errno 10048] error while attempting to bind on address ('127.0.0.1', 8000): [winerror 10048] only one usage of each socket address (protocol/network address/port) is normally permitted"}
{"time":"2026-03-08T12:23:48","level":"WARNING","logger":"uvicorn.error","msg":"Unsupported upgrade request."}
{"time":"2026-03-08T12:23:48","level":"WARNING","logger":"uvicorn.error","msg":"No supported WebSocket library detected. Please use "pip install 'uvicorn[standard]'", or install 'websockets' or 'wsproto' manually."}
{"time":"2026-03-08T12:25:04","level":"WARNING","logger":"uvicorn.error","msg":"Unsupported upgrade request."}
{"time":"2026-03-08T12:25:04","level":"WARNING","logger":"uvicorn.error","msg":"No supported WebSocket library detected. Please use "pip install 'uvicorn[standard]'", or install 'websockets' or 'wsproto' manually."}
{"time":"2026-03-08T12:26:54","level":"ERROR","logger":"asyncio","msg":"ConnectionClosedError exception in shielded future
future: <Future finished exception=ConnectionClosedError(None, Close(code=<CloseCode.INTERNAL_ERROR: 1011>, reason='keepalive ping timeout'), None)>"}
Traceback (most recent call last):
  File "C:\Users\DEL\ofsec\backend\venv\Lib\site-packages\websockets\legacy\protocol.py", line 1276, in close_connection
    await self.transfer_data_task
  File "C:\Users\DEL\ofsec\backend\venv\Lib\site-packages\websockets\legacy\protocol.py", line 940, in transfer_data
    message = await self.read_message()
              ^^^^^^^^^^^^^^^^^^^^^^^^^
  File "C:\Users\DEL\ofsec\backend\venv\Lib\site-packages\websockets\legacy\protocol.py", line 1010, in read_message
    frame = await self.read_data_frame(max_size=self.max_size)
            ^^^^^^^^^^^^^^^^^^^^^^^^^^^^^^^^^^^^^^^^^^^^^^^^^^
  File "C:\Users\DEL\ofsec\backend\venv\Lib\site-packages\websockets\legacy\protocol.py", line 1087, in read_data_frame
    frame = await self.read_frame(max_size)
            ^^^^^^^^^^^^^^^^^^^^^^^^^^^^^^^
  File "C:\Users\DEL\ofsec\backend\venv\Lib\site-packages\websockets\legacy\protocol.py", line 1144, in read_frame
    frame = await Frame.read(
            ^^^^^^^^^^^^^^^^^
    ...<4 lines>...
    )
    ^
  File "C:\Users\DEL\ofsec\backend\venv\Lib\site-packages\websockets\legacy\framing.py", line 70, in read
    data = await reader(2)
           ^^^^^^^^^^^^^^^
  File "C:\Python314\Lib\asyncio\streams.py", line 769, in readexactly
    await self._wait_for_data('readexactly')
  File "C:\Python314\Lib\asyncio\streams.py", line 539, in _wait_for_data
    await self._waiter
asyncio.exceptions.CancelledError

The above exception was the direct cause of the following exception:

websockets.exceptions.ConnectionClosedError: sent 1011 (internal error) keepalive ping timeout; no close frame received
