INFO:     Will watch for changes in these directories: ['C:\\Users\\DEL\\ofsec\\backend']
INFO:     Uvicorn running on http://0.0.0.0:8000 (Press CTRL+C to quit)
INFO:     Started reloader process [22328] using WatchFiles
INFO:     Started server process [15928]
INFO:     Waiting for application startup.
2026-03-10 23:43:20 [warning  ] ofsec.startup.config_warnings  warnings=['  [WARN] GEMINI_API_KEY not set -- related features will be disabled', '  [WARN] SHODAN_API_KEY not set -- related features will be disabled', '  [WARN] VIRUSTOTAL_API_KEY not set -- related features will be disabled']
  [WARN] GEMINI_API_KEY not set -- related features will be disabled
  [WARN] SHODAN_API_KEY not set -- related features will be disabled
  [WARN] VIRUSTOTAL_API_KEY not set -- related features will be disabled
2026-03-10T18:13:20.007229Z [info     ] ofsec.startup                  debug=True environment=development version=3.0.0
[2026-03-10 23:43:20] DEBUG    aiosqlite Ś executing <function connect.<locals>.connector at 0x0000019FA342CD50>
[2026-03-10 23:43:20] DEBUG    aiosqlite Ś operation <function connect.<locals>.connector at 0x0000019FA342CD50> completed
[2026-03-10 23:43:20] DEBUG    aiosqlite Ś executing functools.partial(<built-in method create_function of sqlite3.Connection object at 0x0000019FA2F7AE30>, 'regexp', 2, <function SQLiteDialect_pysqlite.on_connect.<locals>.regexp at 0x0000019FA05D2090>, deterministic=True)
[2026-03-10 23:43:20] DEBUG    aiosqlite Ś operation functools.partial(<built-in method create_function of sqlite3.Connection object at 0x0000019FA2F7AE30>, 'regexp', 2, <function SQLiteDialect_pysqlite.on_connect.<locals>.regexp at 0x0000019FA05D2090>, deterministic=True) completed
[2026-03-10 23:43:20] DEBUG    aiosqlite Ś executing functools.partial(<built-in method create_function of sqlite3.Connection object at 0x0000019FA2F7AE30>, 'floor', 1, <built-in function floor>, deterministic=True)
[2026-03-10 23:43:20] DEBUG    aiosqlite Ś operation functools.partial(<built-in method create_function of sqlite3.Connection object at 0x0000019FA2F7AE30>, 'floor', 1, <built-in function floor>, deterministic=True) completed
[2026-03-10 23:43:20] DEBUG    aiosqlite Ś executing functools.partial(<built-in method cursor of sqlite3.Connection object at 0x0000019FA2F7AE30>)
[2026-03-10 23:43:20] DEBUG    aiosqlite Ś operation functools.partial(<built-in method cursor of sqlite3.Connection object at 0x0000019FA2F7AE30>) completed
[2026-03-10 23:43:20] DEBUG    aiosqlite Ś executing functools.partial(<built-in method execute of sqlite3.Cursor object at 0x0000019FA34296C0>, 'PRAGMA read_uncommitted', [])
[2026-03-10 23:43:20] DEBUG    aiosqlite Ś operation functools.partial(<built-in method execute of sqlite3.Cursor object at 0x0000019FA34296C0>, 'PRAGMA read_uncommitted', []) completed
[2026-03-10 23:43:20] DEBUG    aiosqlite Ś executing functools.partial(<built-in method fetchall of sqlite3.Cursor object at 0x0000019FA34296C0>)
[2026-03-10 23:43:20] DEBUG    aiosqlite Ś operation functools.partial(<built-in method fetchall of sqlite3.Cursor object at 0x0000019FA34296C0>) completed
[2026-03-10 23:43:20] DEBUG    aiosqlite Ś executing functools.partial(<built-in method close of sqlite3.Cursor object at 0x0000019FA34296C0>)
[2026-03-10 23:43:20] DEBUG    aiosqlite Ś operation functools.partial(<built-in method close of sqlite3.Cursor object at 0x0000019FA34296C0>) completed
[2026-03-10 23:43:20] DEBUG    aiosqlite Ś executing functools.partial(<built-in method rollback of sqlite3.Connection object at 0x0000019FA2F7AE30>)
[2026-03-10 23:43:20] DEBUG    aiosqlite Ś operation functools.partial(<built-in method rollback of sqlite3.Connection object at 0x0000019FA2F7AE30>) completed
2026-03-10 23:43:20,014 INFO sqlalchemy.engine.Engine BEGIN (implicit)
[2026-03-10 23:43:20] INFO     sqlalchemy.engine.Engine Ś BEGIN (implicit)
2026-03-10 23:43:20,014 INFO sqlalchemy.engine.Engine PRAGMA main.table_info("domains")
[2026-03-10 23:43:20] INFO     sqlalchemy.engine.Engine Ś PRAGMA main.table_info("domains")
2026-03-10 23:43:20,015 INFO sqlalchemy.engine.Engine [raw sql] ()
[2026-03-10 23:43:20] INFO     sqlalchemy.engine.Engine Ś [raw sql] ()
[2026-03-10 23:43:20] DEBUG    aiosqlite Ś executing functools.partial(<built-in method cursor of sqlite3.Connection object at 0x0000019FA2F7AE30>)
[2026-03-10 23:43:20] DEBUG    aiosqlite Ś operation functools.partial(<built-in method cursor of sqlite3.Connection object at 0x0000019FA2F7AE30>) completed
[2026-03-10 23:43:20] DEBUG    aiosqlite Ś executing functools.partial(<built-in method execute of sqlite3.Cursor object at 0x0000019FA3429BC0>, 'PRAGMA main.table_info("domains")', ())
[2026-03-10 23:43:20] DEBUG    aiosqlite Ś operation functools.partial(<built-in method execute of sqlite3.Cursor object at 0x0000019FA3429BC0>, 'PRAGMA main.table_info("domains")', ()) completed
[2026-03-10 23:43:20] DEBUG    aiosqlite Ś executing functools.partial(<built-in method fetchall of sqlite3.Cursor object at 0x0000019FA3429BC0>)
[2026-03-10 23:43:20] DEBUG    aiosqlite Ś operation functools.partial(<built-in method fetchall of sqlite3.Cursor object at 0x0000019FA3429BC0>) completed
[2026-03-10 23:43:20] DEBUG    aiosqlite Ś executing functools.partial(<built-in method close of sqlite3.Cursor object at 0x0000019FA3429BC0>)
[2026-03-10 23:43:20] DEBUG    aiosqlite Ś operation functools.partial(<built-in method close of sqlite3.Cursor object at 0x0000019FA3429BC0>) completed
2026-03-10 23:43:20,018 INFO sqlalchemy.engine.Engine PRAGMA main.table_info("ip_addresses")
[2026-03-10 23:43:20] INFO     sqlalchemy.engine.Engine Ś PRAGMA main.table_info("ip_addresses")
2026-03-10 23:43:20,018 INFO sqlalchemy.engine.Engine [raw sql] ()
[2026-03-10 23:43:20] INFO     sqlalchemy.engine.Engine Ś [raw sql] ()
[2026-03-10 23:43:20] DEBUG    aiosqlite Ś executing functools.partial(<built-in method cursor of sqlite3.Connection object at 0x0000019FA2F7AE30>)
[2026-03-10 23:43:20] DEBUG    aiosqlite Ś operation functools.partial(<built-in method cursor of sqlite3.Connection object at 0x0000019FA2F7AE30>) completed
[2026-03-10 23:43:20] DEBUG    aiosqlite Ś executing functools.partial(<built-in method execute of sqlite3.Cursor object at 0x0000019FA3429BC0>, 'PRAGMA main.table_info("ip_addresses")', ())
[2026-03-10 23:43:20] DEBUG    aiosqlite Ś operation functools.partial(<built-in method execute of sqlite3.Cursor object at 0x0000019FA3429BC0>, 'PRAGMA main.table_info("ip_addresses")', ()) completed
[2026-03-10 23:43:20] DEBUG    aiosqlite Ś executing functools.partial(<built-in method fetchall of sqlite3.Cursor object at 0x0000019FA3429BC0>)
[2026-03-10 23:43:20] DEBUG    aiosqlite Ś operation functools.partial(<built-in method fetchall of sqlite3.Cursor object at 0x0000019FA3429BC0>) completed
[2026-03-10 23:43:20] DEBUG    aiosqlite Ś executing functools.partial(<built-in method close of sqlite3.Cursor object at 0x0000019FA3429BC0>)
[2026-03-10 23:43:20] DEBUG    aiosqlite Ś operation functools.partial(<built-in method close of sqlite3.Cursor object at 0x0000019FA3429BC0>) completed
2026-03-10 23:43:20,021 INFO sqlalchemy.engine.Engine PRAGMA main.table_info("certificates")
[2026-03-10 23:43:20] INFO     sqlalchemy.engine.Engine Ś PRAGMA main.table_info("certificates")
2026-03-10 23:43:20,021 INFO sqlalchemy.engine.Engine [raw sql] ()
[2026-03-10 23:43:20] INFO     sqlalchemy.engine.Engine Ś [raw sql] ()
[2026-03-10 23:43:20] DEBUG    aiosqlite Ś executing functools.partial(<built-in method cursor of sqlite3.Connection object at 0x0000019FA2F7AE30>)
[2026-03-10 23:43:20] DEBUG    aiosqlite Ś operation functools.partial(<built-in method cursor of sqlite3.Connection object at 0x0000019FA2F7AE30>) completed
[2026-03-10 23:43:20] DEBUG    aiosqlite Ś executing functools.partial(<built-in method execute of sqlite3.Cursor object at 0x0000019FA3429BC0>, 'PRAGMA main.table_info("certificates")', ())
[2026-03-10 23:43:20] DEBUG    aiosqlite Ś operation functools.partial(<built-in method execute of sqlite3.Cursor object at 0x0000019FA3429BC0>, 'PRAGMA main.table_info("certificates")', ()) completed
[2026-03-10 23:43:20] DEBUG    aiosqlite Ś executing functools.partial(<built-in method fetchall of sqlite3.Cursor object at 0x0000019FA3429BC0>)
[2026-03-10 23:43:20] DEBUG    aiosqlite Ś operation functools.partial(<built-in method fetchall of sqlite3.Cursor object at 0x0000019FA3429BC0>) completed
[2026-03-10 23:43:20] DEBUG    aiosqlite Ś executing functools.partial(<built-in method close of sqlite3.Cursor object at 0x0000019FA3429BC0>)
[2026-03-10 23:43:20] DEBUG    aiosqlite Ś operation functools.partial(<built-in method close of sqlite3.Cursor object at 0x0000019FA3429BC0>) completed
2026-03-10 23:43:20,023 INFO sqlalchemy.engine.Engine PRAGMA main.table_info("scans")
[2026-03-10 23:43:20] INFO     sqlalchemy.engine.Engine Ś PRAGMA main.table_info("scans")
2026-03-10 23:43:20,024 INFO sqlalchemy.engine.Engine [raw sql] ()
[2026-03-10 23:43:20] INFO     sqlalchemy.engine.Engine Ś [raw sql] ()
[2026-03-10 23:43:20] DEBUG    aiosqlite Ś executing functools.partial(<built-in method cursor of sqlite3.Connection object at 0x0000019FA2F7AE30>)
[2026-03-10 23:43:20] DEBUG    aiosqlite Ś operation functools.partial(<built-in method cursor of sqlite3.Connection object at 0x0000019FA2F7AE30>) completed
[2026-03-10 23:43:20] DEBUG    aiosqlite Ś executing functools.partial(<built-in method execute of sqlite3.Cursor object at 0x0000019FA3429BC0>, 'PRAGMA main.table_info("scans")', ())
[2026-03-10 23:43:20] DEBUG    aiosqlite Ś operation functools.partial(<built-in method execute of sqlite3.Cursor object at 0x0000019FA3429BC0>, 'PRAGMA main.table_info("scans")', ()) completed
[2026-03-10 23:43:20] DEBUG    aiosqlite Ś executing functools.partial(<built-in method fetchall of sqlite3.Cursor object at 0x0000019FA3429BC0>)
[2026-03-10 23:43:20] DEBUG    aiosqlite Ś operation functools.partial(<built-in method fetchall of sqlite3.Cursor object at 0x0000019FA3429BC0>) completed
[2026-03-10 23:43:20] DEBUG    aiosqlite Ś executing functools.partial(<built-in method close of sqlite3.Cursor object at 0x0000019FA3429BC0>)
2026-03-10 23:43:20,026 INFO sqlalchemy.engine.Engine PRAGMA main.table_info("vulnerabilities")
[2026-03-10 23:43:20] INFO     sqlalchemy.engine.Engine Ś PRAGMA main.table_info("vulnerabilities")
2026-03-10 23:43:20,026 INFO sqlalchemy.engine.Engine [raw sql] ()
[2026-03-10 23:43:20] INFO     sqlalchemy.engine.Engine Ś [raw sql] ()
[2026-03-10 23:43:20] DEBUG    aiosqlite Ś operation functools.partial(<built-in method close of sqlite3.Cursor object at 0x0000019FA3429BC0>) completed
[2026-03-10 23:43:20] DEBUG    aiosqlite Ś executing functools.partial(<built-in method cursor of sqlite3.Connection object at 0x0000019FA2F7AE30>)
[2026-03-10 23:43:20] DEBUG    aiosqlite Ś operation functools.partial(<built-in method cursor of sqlite3.Connection object at 0x0000019FA2F7AE30>) completed
[2026-03-10 23:43:20] DEBUG    aiosqlite Ś executing functools.partial(<built-in method execute of sqlite3.Cursor object at 0x0000019FA3429BC0>, 'PRAGMA main.table_info("vulnerabilities")', ())
[2026-03-10 23:43:20] DEBUG    aiosqlite Ś operation functools.partial(<built-in method execute of sqlite3.Cursor object at 0x0000019FA3429BC0>, 'PRAGMA main.table_info("vulnerabilities")', ()) completed
[2026-03-10 23:43:20] DEBUG    aiosqlite Ś executing functools.partial(<built-in method fetchall of sqlite3.Cursor object at 0x0000019FA3429BC0>)
[2026-03-10 23:43:20] DEBUG    aiosqlite Ś operation functools.partial(<built-in method fetchall of sqlite3.Cursor object at 0x0000019FA3429BC0>) completed
[2026-03-10 23:43:20] DEBUG    aiosqlite Ś executing functools.partial(<built-in method close of sqlite3.Cursor object at 0x0000019FA3429BC0>)
[2026-03-10 23:43:20] DEBUG    aiosqlite Ś operation functools.partial(<built-in method close of sqlite3.Cursor object at 0x0000019FA3429BC0>) completed
2026-03-10 23:43:20,029 INFO sqlalchemy.engine.Engine PRAGMA main.table_info("attack_simulations")
[2026-03-10 23:43:20] INFO     sqlalchemy.engine.Engine Ś PRAGMA main.table_info("attack_simulations")
2026-03-10 23:43:20,029 INFO sqlalchemy.engine.Engine [raw sql] ()
[2026-03-10 23:43:20] INFO     sqlalchemy.engine.Engine Ś [raw sql] ()
[2026-03-10 23:43:20] DEBUG    aiosqlite Ś executing functools.partial(<built-in method cursor of sqlite3.Connection object at 0x0000019FA2F7AE30>)
[2026-03-10 23:43:20] DEBUG    aiosqlite Ś operation functools.partial(<built-in method cursor of sqlite3.Connection object at 0x0000019FA2F7AE30>) completed
[2026-03-10 23:43:20] DEBUG    aiosqlite Ś executing functools.partial(<built-in method execute of sqlite3.Cursor object at 0x0000019FA3429BC0>, 'PRAGMA main.table_info("attack_simulations")', ())
[2026-03-10 23:43:20] DEBUG    aiosqlite Ś operation functools.partial(<built-in method execute of sqlite3.Cursor object at 0x0000019FA3429BC0>, 'PRAGMA main.table_info("attack_simulations")', ()) completed
[2026-03-10 23:43:20] DEBUG    aiosqlite Ś executing functools.partial(<built-in method fetchall of sqlite3.Cursor object at 0x0000019FA3429BC0>)
[2026-03-10 23:43:20] DEBUG    aiosqlite Ś operation functools.partial(<built-in method fetchall of sqlite3.Cursor object at 0x0000019FA3429BC0>) completed
[2026-03-10 23:43:20] DEBUG    aiosqlite Ś executing functools.partial(<built-in method close of sqlite3.Cursor object at 0x0000019FA3429BC0>)
[2026-03-10 23:43:20] DEBUG    aiosqlite Ś operation functools.partial(<built-in method close of sqlite3.Cursor object at 0x0000019FA3429BC0>) completed
2026-03-10 23:43:20,032 INFO sqlalchemy.engine.Engine PRAGMA main.table_info("alerts")
[2026-03-10 23:43:20] INFO     sqlalchemy.engine.Engine Ś PRAGMA main.table_info("alerts")
2026-03-10 23:43:20,032 INFO sqlalchemy.engine.Engine [raw sql] ()
[2026-03-10 23:43:20] INFO     sqlalchemy.engine.Engine Ś [raw sql] ()
[2026-03-10 23:43:20] DEBUG    aiosqlite Ś executing functools.partial(<built-in method cursor of sqlite3.Connection object at 0x0000019FA2F7AE30>)
[2026-03-10 23:43:20] DEBUG    aiosqlite Ś operation functools.partial(<built-in method cursor of sqlite3.Connection object at 0x0000019FA2F7AE30>) completed
[2026-03-10 23:43:20] DEBUG    aiosqlite Ś executing functools.partial(<built-in method execute of sqlite3.Cursor object at 0x0000019FA3429BC0>, 'PRAGMA main.table_info("alerts")', ())
[2026-03-10 23:43:20] DEBUG    aiosqlite Ś operation functools.partial(<built-in method execute of sqlite3.Cursor object at 0x0000019FA3429BC0>, 'PRAGMA main.table_info("alerts")', ()) completed
[2026-03-10 23:43:20] DEBUG    aiosqlite Ś executing functools.partial(<built-in method fetchall of sqlite3.Cursor object at 0x0000019FA3429BC0>)
[2026-03-10 23:43:20] DEBUG    aiosqlite Ś operation functools.partial(<built-in method fetchall of sqlite3.Cursor object at 0x0000019FA3429BC0>) completed
[2026-03-10 23:43:20] DEBUG    aiosqlite Ś executing functools.partial(<built-in method close of sqlite3.Cursor object at 0x0000019FA3429BC0>)
[2026-03-10 23:43:20] DEBUG    aiosqlite Ś operation functools.partial(<built-in method close of sqlite3.Cursor object at 0x0000019FA3429BC0>) completed
2026-03-10 23:43:20,034 INFO sqlalchemy.engine.Engine PRAGMA main.table_info("incidents")
[2026-03-10 23:43:20] INFO     sqlalchemy.engine.Engine Ś PRAGMA main.table_info("incidents")
2026-03-10 23:43:20,034 INFO sqlalchemy.engine.Engine [raw sql] ()
[2026-03-10 23:43:20] INFO     sqlalchemy.engine.Engine Ś [raw sql] ()
[2026-03-10 23:43:20] DEBUG    aiosqlite Ś executing functools.partial(<built-in method cursor of sqlite3.Connection object at 0x0000019FA2F7AE30>)
[2026-03-10 23:43:20] DEBUG    aiosqlite Ś operation functools.partial(<built-in method cursor of sqlite3.Connection object at 0x0000019FA2F7AE30>) completed
[2026-03-10 23:43:20] DEBUG    aiosqlite Ś executing functools.partial(<built-in method execute of sqlite3.Cursor object at 0x0000019FA3429BC0>, 'PRAGMA main.table_info("incidents")', ())
[2026-03-10 23:43:20] DEBUG    aiosqlite Ś operation functools.partial(<built-in method execute of sqlite3.Cursor object at 0x0000019FA3429BC0>, 'PRAGMA main.table_info("incidents")', ()) completed
[2026-03-10 23:43:20] DEBUG    aiosqlite Ś executing functools.partial(<built-in method fetchall of sqlite3.Cursor object at 0x0000019FA3429BC0>)
[2026-03-10 23:43:20] DEBUG    aiosqlite Ś operation functools.partial(<built-in method fetchall of sqlite3.Cursor object at 0x0000019FA3429BC0>) completed
[2026-03-10 23:43:20] DEBUG    aiosqlite Ś executing functools.partial(<built-in method close of sqlite3.Cursor object at 0x0000019FA3429BC0>)
2026-03-10 23:43:20,037 INFO sqlalchemy.engine.Engine PRAGMA main.table_info("users")
[2026-03-10 23:43:20] INFO     sqlalchemy.engine.Engine Ś PRAGMA main.table_info("users")
2026-03-10 23:43:20,037 INFO sqlalchemy.engine.Engine [raw sql] ()
[2026-03-10 23:43:20] INFO     sqlalchemy.engine.Engine Ś [raw sql] ()
[2026-03-10 23:43:20] DEBUG    aiosqlite Ś operation functools.partial(<built-in method close of sqlite3.Cursor object at 0x0000019FA3429BC0>) completed
[2026-03-10 23:43:20] DEBUG    aiosqlite Ś executing functools.partial(<built-in method cursor of sqlite3.Connection object at 0x0000019FA2F7AE30>)
[2026-03-10 23:43:20] DEBUG    aiosqlite Ś operation functools.partial(<built-in method cursor of sqlite3.Connection object at 0x0000019FA2F7AE30>) completed
[2026-03-10 23:43:20] DEBUG    aiosqlite Ś executing functools.partial(<built-in method execute of sqlite3.Cursor object at 0x0000019FA3429BC0>, 'PRAGMA main.table_info("users")', ())
[2026-03-10 23:43:20] DEBUG    aiosqlite Ś operation functools.partial(<built-in method execute of sqlite3.Cursor object at 0x0000019FA3429BC0>, 'PRAGMA main.table_info("users")', ()) completed
[2026-03-10 23:43:20] DEBUG    aiosqlite Ś executing functools.partial(<built-in method fetchall of sqlite3.Cursor object at 0x0000019FA3429BC0>)
[2026-03-10 23:43:20] DEBUG    aiosqlite Ś operation functools.partial(<built-in method fetchall of sqlite3.Cursor object at 0x0000019FA3429BC0>) completed
[2026-03-10 23:43:20] DEBUG    aiosqlite Ś executing functools.partial(<built-in method close of sqlite3.Cursor object at 0x0000019FA3429BC0>)
2026-03-10 23:43:20,039 INFO sqlalchemy.engine.Engine PRAGMA main.table_info("audit_log")
[2026-03-10 23:43:20] INFO     sqlalchemy.engine.Engine Ś PRAGMA main.table_info("audit_log")
2026-03-10 23:43:20,039 INFO sqlalchemy.engine.Engine [raw sql] ()
[2026-03-10 23:43:20] INFO     sqlalchemy.engine.Engine Ś [raw sql] ()
[2026-03-10 23:43:20] DEBUG    aiosqlite Ś operation functools.partial(<built-in method close of sqlite3.Cursor object at 0x0000019FA3429BC0>) completed
[2026-03-10 23:43:20] DEBUG    aiosqlite Ś executing functools.partial(<built-in method cursor of sqlite3.Connection object at 0x0000019FA2F7AE30>)
[2026-03-10 23:43:20] DEBUG    aiosqlite Ś operation functools.partial(<built-in method cursor of sqlite3.Connection object at 0x0000019FA2F7AE30>) completed
[2026-03-10 23:43:20] DEBUG    aiosqlite Ś executing functools.partial(<built-in method execute of sqlite3.Cursor object at 0x0000019FA3429BC0>, 'PRAGMA main.table_info("audit_log")', ())
[2026-03-10 23:43:20] DEBUG    aiosqlite Ś operation functools.partial(<built-in method execute of sqlite3.Cursor object at 0x0000019FA3429BC0>, 'PRAGMA main.table_info("audit_log")', ()) completed
[2026-03-10 23:43:20] DEBUG    aiosqlite Ś executing functools.partial(<built-in method fetchall of sqlite3.Cursor object at 0x0000019FA3429BC0>)
[2026-03-10 23:43:20] DEBUG    aiosqlite Ś operation functools.partial(<built-in method fetchall of sqlite3.Cursor object at 0x0000019FA3429BC0>) completed
[2026-03-10 23:43:20] DEBUG    aiosqlite Ś executing functools.partial(<built-in method close of sqlite3.Cursor object at 0x0000019FA3429BC0>)
[2026-03-10 23:43:20] DEBUG    aiosqlite Ś operation functools.partial(<built-in method close of sqlite3.Cursor object at 0x0000019FA3429BC0>) completed
2026-03-10 23:43:20,041 INFO sqlalchemy.engine.Engine PRAGMA main.table_info("threat_iocs")
[2026-03-10 23:43:20] INFO     sqlalchemy.engine.Engine Ś PRAGMA main.table_info("threat_iocs")
2026-03-10 23:43:20,042 INFO sqlalchemy.engine.Engine [raw sql] ()
[2026-03-10 23:43:20] INFO     sqlalchemy.engine.Engine Ś [raw sql] ()
[2026-03-10 23:43:20] DEBUG    aiosqlite Ś executing functools.partial(<built-in method cursor of sqlite3.Connection object at 0x0000019FA2F7AE30>)
[2026-03-10 23:43:20] DEBUG    aiosqlite Ś operation functools.partial(<built-in method cursor of sqlite3.Connection object at 0x0000019FA2F7AE30>) completed
[2026-03-10 23:43:20] DEBUG    aiosqlite Ś executing functools.partial(<built-in method execute of sqlite3.Cursor object at 0x0000019FA3429BC0>, 'PRAGMA main.table_info("threat_iocs")', ())
[2026-03-10 23:43:20] DEBUG    aiosqlite Ś operation functools.partial(<built-in method execute of sqlite3.Cursor object at 0x0000019FA3429BC0>, 'PRAGMA main.table_info("threat_iocs")', ()) completed
[2026-03-10 23:43:20] DEBUG    aiosqlite Ś executing functools.partial(<built-in method fetchall of sqlite3.Cursor object at 0x0000019FA3429BC0>)
[2026-03-10 23:43:20] DEBUG    aiosqlite Ś operation functools.partial(<built-in method fetchall of sqlite3.Cursor object at 0x0000019FA3429BC0>) completed
[2026-03-10 23:43:20] DEBUG    aiosqlite Ś executing functools.partial(<built-in method close of sqlite3.Cursor object at 0x0000019FA3429BC0>)
[2026-03-10 23:43:20] DEBUG    aiosqlite Ś operation functools.partial(<built-in method close of sqlite3.Cursor object at 0x0000019FA3429BC0>) completed
2026-03-10 23:43:20,044 INFO sqlalchemy.engine.Engine COMMIT
[2026-03-10 23:43:20] INFO     sqlalchemy.engine.Engine Ś COMMIT
[2026-03-10 23:43:20] DEBUG    aiosqlite Ś executing functools.partial(<built-in method commit of sqlite3.Connection object at 0x0000019FA2F7AE30>)
[2026-03-10 23:43:20] DEBUG    aiosqlite Ś operation functools.partial(<built-in method commit of sqlite3.Connection object at 0x0000019FA2F7AE30>) completed
[2026-03-10 23:43:20] DEBUG    aiosqlite Ś executing functools.partial(<built-in method rollback of sqlite3.Connection object at 0x0000019FA2F7AE30>)
[2026-03-10 23:43:20] DEBUG    aiosqlite Ś operation functools.partial(<built-in method rollback of sqlite3.Connection object at 0x0000019FA2F7AE30>) completed
2026-03-10T18:13:20.046458Z [info     ] ofsec.db.tables_created       
2026-03-10 23:43:20,046 INFO sqlalchemy.engine.Engine BEGIN (implicit)
[2026-03-10 23:43:20] INFO     sqlalchemy.engine.Engine Ś BEGIN (implicit)
2026-03-10 23:43:20,047 INFO sqlalchemy.engine.Engine SELECT 1
[2026-03-10 23:43:20] INFO     sqlalchemy.engine.Engine Ś SELECT 1
2026-03-10 23:43:20,047 INFO sqlalchemy.engine.Engine [generated in 0.00023s] ()
[2026-03-10 23:43:20] INFO     sqlalchemy.engine.Engine Ś [generated in 0.00023s] ()
[2026-03-10 23:43:20] DEBUG    aiosqlite Ś executing functools.partial(<built-in method cursor of sqlite3.Connection object at 0x0000019FA2F7AE30>)
[2026-03-10 23:43:20] DEBUG    aiosqlite Ś operation functools.partial(<built-in method cursor of sqlite3.Connection object at 0x0000019FA2F7AE30>) completed
[2026-03-10 23:43:20] DEBUG    aiosqlite Ś executing functools.partial(<built-in method execute of sqlite3.Cursor object at 0x0000019FA342B940>, 'SELECT 1', ())
[2026-03-10 23:43:20] DEBUG    aiosqlite Ś operation functools.partial(<built-in method execute of sqlite3.Cursor object at 0x0000019FA342B940>, 'SELECT 1', ()) completed
[2026-03-10 23:43:20] DEBUG    aiosqlite Ś executing functools.partial(<built-in method fetchall of sqlite3.Cursor object at 0x0000019FA342B940>)
[2026-03-10 23:43:20] DEBUG    aiosqlite Ś operation functools.partial(<built-in method fetchall of sqlite3.Cursor object at 0x0000019FA342B940>) completed
[2026-03-10 23:43:20] DEBUG    aiosqlite Ś executing functools.partial(<built-in method close of sqlite3.Cursor object at 0x0000019FA342B940>)
2026-03-10 23:43:20,049 INFO sqlalchemy.engine.Engine COMMIT
[2026-03-10 23:43:20] INFO     sqlalchemy.engine.Engine Ś COMMIT
[2026-03-10 23:43:20] DEBUG    aiosqlite Ś operation functools.partial(<built-in method close of sqlite3.Cursor object at 0x0000019FA342B940>) completed
[2026-03-10 23:43:20] DEBUG    aiosqlite Ś executing functools.partial(<built-in method commit of sqlite3.Connection object at 0x0000019FA2F7AE30>)
[2026-03-10 23:43:20] DEBUG    aiosqlite Ś operation functools.partial(<built-in method commit of sqlite3.Connection object at 0x0000019FA2F7AE30>) completed
[2026-03-10 23:43:20] DEBUG    aiosqlite Ś executing functools.partial(<built-in method rollback of sqlite3.Connection object at 0x0000019FA2F7AE30>)
2026-03-10T18:13:20.050916Z [info     ] ofsec.db.connected             url[2026-03-10 23:43:20] DEBUG    aiosqlite Ś operation functools.partial(<built-in method rollback of sqlite3.Connection object at 0x0000019FA2F7AE30>) completed
=sqlite+aiosqlite:///./ofsec.db
2026-03-10 23:43:20,052 INFO sqlalchemy.engine.Engine BEGIN (implicit)
[2026-03-10 23:43:20] INFO     sqlalchemy.engine.Engine Ś BEGIN (implicit)
2026-03-10 23:43:20,053 INFO sqlalchemy.engine.Engine PRAGMA main.table_info("apscheduler_jobs")
[2026-03-10 23:43:20] INFO     sqlalchemy.engine.Engine Ś PRAGMA main.table_info("apscheduler_jobs")
2026-03-10 23:43:20,053 INFO sqlalchemy.engine.Engine [raw sql] ()
[2026-03-10 23:43:20] INFO     sqlalchemy.engine.Engine Ś [raw sql] ()
2026-03-10 23:43:20,053 DEBUG sqlalchemy.engine.Engine Col ('cid', 'name', 'type', 'notnull', 'dflt_value', 'pk')
[2026-03-10 23:43:20] DEBUG    sqlalchemy.engine.Engine Ś Col ('cid', 'name', 'type', 'notnull', 'dflt_value', 'pk')
2026-03-10 23:43:20,054 DEBUG sqlalchemy.engine.Engine Row (0, 'id', 'VARCHAR(191)', 1, None, 1)
[2026-03-10 23:43:20] DEBUG    sqlalchemy.engine.Engine Ś Row (0, 'id', 'VARCHAR(191)', 1, None, 1)
2026-03-10 23:43:20,054 DEBUG sqlalchemy.engine.Engine Row (1, 'next_run_time', 'FLOAT', 0, None, 0)
[2026-03-10 23:43:20] DEBUG    sqlalchemy.engine.Engine Ś Row (1, 'next_run_time', 'FLOAT', 0, None, 0)
2026-03-10 23:43:20,054 DEBUG sqlalchemy.engine.Engine Row (2, 'job_state', 'BLOB', 1, None, 0)
[2026-03-10 23:43:20] DEBUG    sqlalchemy.engine.Engine Ś Row (2, 'job_state', 'BLOB', 1, None, 0)
2026-03-10 23:43:20,054 INFO sqlalchemy.engine.Engine COMMIT
[2026-03-10 23:43:20] INFO     sqlalchemy.engine.Engine Ś COMMIT
[2026-03-10 23:43:20] INFO     apscheduler.scheduler Ś Scheduler started
2026-03-10T18:13:20.055189Z [info     ] scheduler.started              db=sqlite:///./ofsec.db store=sqlalchemy
2026-03-10 23:43:20,056 INFO sqlalchemy.engine.Engine BEGIN (implicit)
[2026-03-10 23:43:20] INFO     sqlalchemy.engine.Engine Ś BEGIN (implicit)
2026-03-10 23:43:20,057 INFO sqlalchemy.engine.Engine INSERT INTO apscheduler_jobs (id, next_run_time, job_state) VALUES (?, ?, ?)
[2026-03-10 23:43:20] INFO     sqlalchemy.engine.Engine Ś INSERT INTO apscheduler_jobs (id, next_run_time, job_state) VALUES (?, ?, ?)
2026-03-10 23:43:20,057 INFO sqlalchemy.engine.Engine [generated in 0.00026s] ('__threat_intel_sweep__', 1773198000.0, <memory at 0x0000019FA2F0D000>)
[2026-03-10 23:43:20] INFO     sqlalchemy.engine.Engine Ś [generated in 0.00026s] ('__threat_intel_sweep__', 1773198000.0, <memory at 0x0000019FA2F0D000>)
2026-03-10 23:43:20,057 INFO sqlalchemy.engine.Engine ROLLBACK
[2026-03-10 23:43:20] INFO     sqlalchemy.engine.Engine Ś ROLLBACK
2026-03-10 23:43:20,058 INFO sqlalchemy.engine.Engine BEGIN (implicit)
[2026-03-10 23:43:20] INFO     sqlalchemy.engine.Engine Ś BEGIN (implicit)
2026-03-10 23:43:20,059 INFO sqlalchemy.engine.Engine UPDATE apscheduler_jobs SET next_run_time=?, job_state=? WHERE apscheduler_jobs.id = ?
[2026-03-10 23:43:20] INFO     sqlalchemy.engine.Engine Ś UPDATE apscheduler_jobs SET next_run_time=?, job_state=? WHERE apscheduler_jobs.id = ?
2026-03-10 23:43:20,059 INFO sqlalchemy.engine.Engine [generated in 0.00024s] (1773198000.0, <memory at 0x0000019FA2F0D0C0>, '__threat_intel_sweep__')
[2026-03-10 23:43:20] INFO     sqlalchemy.engine.Engine Ś [generated in 0.00024s] (1773198000.0, <memory at 0x0000019FA2F0D0C0>, '__threat_intel_sweep__')
2026-03-10 23:43:20,061 INFO sqlalchemy.engine.Engine COMMIT
[2026-03-10 23:43:20] INFO     sqlalchemy.engine.Engine Ś COMMIT
[2026-03-10 23:43:20] INFO     apscheduler.scheduler Ś Added job "_dispatch_threat_sweep" to job store "default"
2026-03-10 23:43:20,084 INFO sqlalchemy.engine.Engine BEGIN (implicit)
[2026-03-10 23:43:20] INFO     sqlalchemy.engine.Engine Ś BEGIN (implicit)
2026-03-10 23:43:20,086 INFO sqlalchemy.engine.Engine SELECT apscheduler_jobs.job_state 
FROM apscheduler_jobs 
WHERE apscheduler_jobs.id = ?
[2026-03-10 23:43:20] INFO     sqlalchemy.engine.Engine Ś SELECT apscheduler_jobs.job_state 
FROM apscheduler_jobs 
WHERE apscheduler_jobs.id = ?
2026-03-10 23:43:20,086 INFO sqlalchemy.engine.Engine [generated in 0.00036s] ('__threat_intel_sweep__',)
[2026-03-10 23:43:20] INFO     sqlalchemy.engine.Engine Ś [generated in 0.00036s] ('__threat_intel_sweep__',)
2026-03-10 23:43:20,086 DEBUG sqlalchemy.engine.Engine Col ('job_state',)
[2026-03-10 23:43:20] DEBUG    sqlalchemy.engine.Engine Ś Col ('job_state',)
2026-03-10 23:43:20,086 DEBUG sqlalchemy.engine.Engine Row (b'\x80\x05\x95\t\x04\x00\x00\x00\x00\x00\x00}\x94(\x8c\x07version\x94K\x01\x8c\x02id\x94\x8c\x16__threat_intel_sweep__\x94\x8c\x04func\x94\x8c)app.cor ... (1621 characters truncated) ... \x8c\rmax_instances\x94K\x01\x8c\rnext_run_time\x94h\r\x8c\x08datetime\x94\x93\x94C\n\x07\xea\x03\x0b\x03\x00\x00\x00\x00\x00\x94h\x15\x86\x94R\x94u.',)
[2026-03-10 23:43:20] DEBUG    sqlalchemy.engine.Engine Ś Row (b'\x80\x05\x95\t\x04\x00\x00\x00\x00\x00\x00}\x94(\x8c\x07version\x94K\x01\x8c\x02id\x94\x8c\x16__threat_intel_sweep__\x94\x8c\x04func\x94\x8c)app.cor ... (1621 characters truncated) ... \x8c\rmax_instances\x94K\x01\x8c\rnext_run_time\x94h\r\x8c\x08datetime\x94\x93\x94C\n\x07\xea\x03\x0b\x03\x00\x00\x00\x00\x00\x94h\x15\x86\x94R\x94u.',)
2026-03-10 23:43:20,087 INFO sqlalchemy.engine.Engine COMMIT
[2026-03-10 23:43:20] INFO     sqlalchemy.engine.Engine Ś COMMIT
2026-03-10T18:13:20.087262Z [info     ] scheduler.threat_sweep.registered cron='0 3 * * *' next_run=2026-03-11T03:00:00+00:00
2026-03-10T18:13:20.087437Z [info     ] ofsec.scheduler.started       
[2026-03-10 23:43:20] INFO     app.core.redis_bus Ś Connecting to Redis Pub/Sub...
2026-03-10T18:13:20.087980Z [info     ] ofsec.redis_bus.connected     
2026-03-10 23:43:20,089 INFO sqlalchemy.engine.Engine BEGIN (implicit)
[2026-03-10 23:43:20] INFO     sqlalchemy.engine.Engine Ś BEGIN (implicit)
2026-03-10 23:43:20,104 INFO sqlalchemy.engine.Engine SELECT count(users.id) AS count_1 
FROM users
[2026-03-10 23:43:20] INFO     sqlalchemy.engine.Engine Ś SELECT count(users.id) AS count_1 
FROM users
2026-03-10 23:43:20,104 INFO sqlalchemy.engine.Engine [generated in 0.00025s] ()
[2026-03-10 23:43:20] INFO     sqlalchemy.engine.Engine Ś [generated in 0.00025s] ()
[2026-03-10 23:43:20] DEBUG    apscheduler.scheduler Ś Looking for jobs to run
2026-03-10 23:43:20,104 INFO sqlalchemy.engine.Engine BEGIN (implicit)
[2026-03-10 23:43:20] INFO     sqlalchemy.engine.Engine Ś BEGIN (implicit)
[2026-03-10 23:43:20] DEBUG    aiosqlite Ś executing functools.partial(<built-in method cursor of sqlite3.Connection object at 0x0000019FA2F7AE30>)
2026-03-10 23:43:20,105 INFO sqlalchemy.engine.Engine SELECT apscheduler_jobs.id, apscheduler_jobs.job_state 
FROM apscheduler_jobs 
WHERE apscheduler_jobs.next_run_time <= ? ORDER BY apscheduler_jobs.next_run_time
[2026-03-10 23:43:20] INFO     sqlalchemy.engine.Engine Ś SELECT apscheduler_jobs.id, apscheduler_jobs.job_state 
FROM apscheduler_jobs 
WHERE apscheduler_jobs.next_run_time <= ? ORDER BY apscheduler_jobs.next_run_time
[2026-03-10 23:43:20] DEBUG    aiosqlite Ś operation functools.partial(<built-in method cursor of sqlite3.Connection object at 0x0000019FA2F7AE30>) completed
2026-03-10 23:43:20,105 INFO sqlalchemy.engine.Engine [generated in 0.00043s] (1773166400.104607,)
[2026-03-10 23:43:20] INFO     sqlalchemy.engine.Engine Ś [generated in 0.00043s] (1773166400.104607,)
2026-03-10 23:43:20,106 DEBUG sqlalchemy.engine.Engine Col ('id', 'job_state')
[2026-03-10 23:43:20] DEBUG    sqlalchemy.engine.Engine Ś Col ('id', 'job_state')
2026-03-10 23:43:20,106 INFO sqlalchemy.engine.Engine COMMIT
[2026-03-10 23:43:20] INFO     sqlalchemy.engine.Engine Ś COMMIT
2026-03-10 23:43:20,106 INFO sqlalchemy.engine.Engine BEGIN (implicit)
[2026-03-10 23:43:20] INFO     sqlalchemy.engine.Engine Ś BEGIN (implicit)
2026-03-10 23:43:20,107 INFO sqlalchemy.engine.Engine SELECT apscheduler_jobs.next_run_time 
FROM apscheduler_jobs 
WHERE apscheduler_jobs.next_run_time IS NOT NULL ORDER BY apscheduler_jobs.next_run_time
 LIMIT ? OFFSET ?
[2026-03-10 23:43:20] INFO     sqlalchemy.engine.Engine Ś SELECT apscheduler_jobs.next_run_time 
FROM apscheduler_jobs 
WHERE apscheduler_jobs.next_run_time IS NOT NULL ORDER BY apscheduler_jobs.next_run_time
 LIMIT ? OFFSET ?
2026-03-10 23:43:20,107 INFO sqlalchemy.engine.Engine [generated in 0.00022s] (1, 0)
[2026-03-10 23:43:20] INFO     sqlalchemy.engine.Engine Ś [generated in 0.00022s] (1, 0)
2026-03-10 23:43:20,108 DEBUG sqlalchemy.engine.Engine Col ('next_run_time',)
[2026-03-10 23:43:20] DEBUG    sqlalchemy.engine.Engine Ś Col ('next_run_time',)
2026-03-10 23:43:20,108 DEBUG sqlalchemy.engine.Engine Row (1773198000.0,)
[2026-03-10 23:43:20] DEBUG    sqlalchemy.engine.Engine Ś Row (1773198000.0,)
2026-03-10 23:43:20,108 INFO sqlalchemy.engine.Engine COMMIT
[2026-03-10 23:43:20] INFO     sqlalchemy.engine.Engine Ś COMMIT
[2026-03-10 23:43:20] DEBUG    apscheduler.scheduler Ś Next wakeup is due at 2026-03-11 03:00:00+00:00 (in 31599.891495 seconds)
[2026-03-10 23:43:20] DEBUG    apscheduler.scheduler Ś Looking for jobs to run
2026-03-10 23:43:20,108 INFO sqlalchemy.engine.Engine BEGIN (implicit)
[2026-03-10 23:43:20] INFO     sqlalchemy.engine.Engine Ś BEGIN (implicit)
2026-03-10 23:43:20,109 INFO sqlalchemy.engine.Engine SELECT apscheduler_jobs.id, apscheduler_jobs.job_state 
FROM apscheduler_jobs 
WHERE apscheduler_jobs.next_run_time <= ? ORDER BY apscheduler_jobs.next_run_time
[2026-03-10 23:43:20] INFO     sqlalchemy.engine.Engine Ś SELECT apscheduler_jobs.id, apscheduler_jobs.job_state 
FROM apscheduler_jobs 
WHERE apscheduler_jobs.next_run_time <= ? ORDER BY apscheduler_jobs.next_run_time
2026-03-10 23:43:20,109 INFO sqlalchemy.engine.Engine [cached since 0.003831s ago] (1773166400.108764,)
[2026-03-10 23:43:20] INFO     sqlalchemy.engine.Engine Ś [cached since 0.003831s ago] (1773166400.108764,)
2026-03-10 23:43:20,109 DEBUG sqlalchemy.engine.Engine Col ('id', 'job_state')
[2026-03-10 23:43:20] DEBUG    sqlalchemy.engine.Engine Ś Col ('id', 'job_state')
2026-03-10 23:43:20,109 INFO sqlalchemy.engine.Engine COMMIT
[2026-03-10 23:43:20] INFO     sqlalchemy.engine.Engine Ś COMMIT
2026-03-10 23:43:20,109 INFO sqlalchemy.engine.Engine BEGIN (implicit)
[2026-03-10 23:43:20] INFO     sqlalchemy.engine.Engine Ś BEGIN (implicit)
2026-03-10 23:43:20,110 INFO sqlalchemy.engine.Engine SELECT apscheduler_jobs.next_run_time 
FROM apscheduler_jobs 
WHERE apscheduler_jobs.next_run_time IS NOT NULL ORDER BY apscheduler_jobs.next_run_time
 LIMIT ? OFFSET ?
[2026-03-10 23:43:20] INFO     sqlalchemy.engine.Engine Ś SELECT apscheduler_jobs.next_run_time 
FROM apscheduler_jobs 
WHERE apscheduler_jobs.next_run_time IS NOT NULL ORDER BY apscheduler_jobs.next_run_time
 LIMIT ? OFFSET ?
2026-03-10 23:43:20,110 INFO sqlalchemy.engine.Engine [cached since 0.002687s ago] (1, 0)
[2026-03-10 23:43:20] INFO     sqlalchemy.engine.Engine Ś [cached since 0.002687s ago] (1, 0)
2026-03-10 23:43:20,110 DEBUG sqlalchemy.engine.Engine Col ('next_run_time',)
[2026-03-10 23:43:20] DEBUG    sqlalchemy.engine.Engine Ś Col ('next_run_time',)
2026-03-10 23:43:20,110 DEBUG sqlalchemy.engine.Engine Row (1773198000.0,)
[2026-03-10 23:43:20] DEBUG    sqlalchemy.engine.Engine Ś Row (1773198000.0,)
2026-03-10 23:43:20,110 INFO sqlalchemy.engine.Engine COMMIT
[2026-03-10 23:43:20] INFO     sqlalchemy.engine.Engine Ś COMMIT
[2026-03-10 23:43:20] DEBUG    apscheduler.scheduler Ś Next wakeup is due at 2026-03-11 03:00:00+00:00 (in 31599.889124 seconds)
[2026-03-10 23:43:20] DEBUG    aiosqlite Ś executing functools.partial(<built-in method execute of sqlite3.Cursor object at 0x0000019FA34D7AC0>, 'SELECT count(users.id) AS count_1 \nFROM users', ())
[2026-03-10 23:43:20] DEBUG    aiosqlite Ś operation functools.partial(<built-in method execute of sqlite3.Cursor object at 0x0000019FA34D7AC0>, 'SELECT count(users.id) AS count_1 \nFROM users', ()) completed
[2026-03-10 23:43:20] DEBUG    aiosqlite Ś executing functools.partial(<built-in method fetchall of sqlite3.Cursor object at 0x0000019FA34D7AC0>)
[2026-03-10 23:43:20] DEBUG    aiosqlite Ś operation functools.partial(<built-in method fetchall of sqlite3.Cursor object at 0x0000019FA34D7AC0>) completed
[2026-03-10 23:43:20] DEBUG    aiosqlite Ś executing functools.partial(<built-in method close of sqlite3.Cursor object at 0x0000019FA34D7AC0>)
[2026-03-10 23:43:20] DEBUG    aiosqlite Ś operation functools.partial(<built-in method close of sqlite3.Cursor object at 0x0000019FA34D7AC0>) completed
2026-03-10 23:43:20,113 INFO sqlalchemy.engine.Engine COMMIT
[2026-03-10 23:43:20] INFO     sqlalchemy.engine.Engine Ś COMMIT
[2026-03-10 23:43:20] DEBUG    aiosqlite Ś executing functools.partial(<built-in method commit of sqlite3.Connection object at 0x0000019FA2F7AE30>)
[2026-03-10 23:43:20] DEBUG    aiosqlite Ś operation functools.partial(<built-in method commit of sqlite3.Connection object at 0x0000019FA2F7AE30>) completed
[2026-03-10 23:43:20] DEBUG    aiosqlite Ś executing functools.partial(<built-in method rollback of sqlite3.Connection object at 0x0000019FA2F7AE30>)
[2026-03-10 23:43:20] DEBUG    aiosqlite Ś operation functools.partial(<built-in method rollback of sqlite3.Connection object at 0x0000019FA2F7AE30>) completed
[2026-03-10 23:43:20] INFO     uvicorn.error Ś Application startup complete.
C:\Users\DEL\ofsec\backend\venv\Lib\site-packages\fastapi\routing.py:116: FastAPIDeprecationWarning: ORJSONResponse is deprecated, FastAPI now serializes data directly to JSON bytes via Pydantic when a return type or response model is set, which is faster and doesn't need a custom response class. Read more in the FastAPI docs: https://fastapi.tiangolo.com/advanced/custom-response/#orjson-or-response-model and https://fastapi.tiangolo.com/tutorial/response-model/
  response = await f(request)
2026-03-10T18:13:20.549974Z [info     ] http.request                   duration_ms=30.9 method=GET path=/health status=200
[2026-03-10 23:43:20] INFO     uvicorn.access Ś 127.0.0.1:52504 - "GET /health HTTP/1.1" 200
2026-03-10T18:13:26.949056Z [info     ] http.request                   duration_ms=119.7 method=GET path=/ status=200
[2026-03-10 23:43:26] INFO     uvicorn.access Ś 127.0.0.1:57942 - "GET / HTTP/1.1" 200
2026-03-10T18:13:27.023811Z [info     ] http.request                   duration_ms=6.8 method=GET path=/assets/index-D98Nkar5.js status=200
[2026-03-10 23:43:27] INFO     uvicorn.access Ś 127.0.0.1:57942 - "GET /assets/index-D98Nkar5.js HTTP/1.1" 200
2026-03-10T18:13:27.027463Z [info     ] http.request                   duration_ms=7.1 method=GET path=/assets/index-DTtpqpfC.css status=200
[2026-03-10 23:43:27] INFO     uvicorn.access Ś 127.0.0.1:54046 - "GET /assets/index-DTtpqpfC.css HTTP/1.1" 200
2026-03-10T18:13:29.656248Z [info     ] http.request                   duration_ms=1.6 method=GET path=/api/v1/status status=200
[2026-03-10 23:43:29] INFO     uvicorn.access Ś 127.0.0.1:54046 - "GET /api/v1/status HTTP/1.1" 200
2026-03-10T18:13:29.658540Z [info     ] http.request                   duration_ms=1.0 method=GET path=/api/v1/status status=200
[2026-03-10 23:43:29] INFO     uvicorn.access Ś 127.0.0.1:57942 - "GET /api/v1/status HTTP/1.1" 200
2026-03-10T18:13:29.742038Z [info     ] http.request                   duration_ms=1.7 method=GET path=/health status=200
[2026-03-10 23:43:29] INFO     uvicorn.access Ś 127.0.0.1:57942 - "GET /health HTTP/1.1" 200
2026-03-10T18:13:29.748041Z [info     ] http.request                   duration_ms=2.1 method=GET path=/api/v1/status status=200
[2026-03-10 23:43:29] INFO     uvicorn.access Ś 127.0.0.1:54046 - "GET /api/v1/status HTTP/1.1" 200
2026-03-10 23:43:29,786 INFO sqlalchemy.engine.Engine BEGIN (implicit)
[2026-03-10 23:43:29] INFO     sqlalchemy.engine.Engine Ś BEGIN (implicit)
2026-03-10 23:43:29,789 INFO sqlalchemy.engine.Engine SELECT count(*) AS count_1 
FROM (SELECT scans.id AS id, scans.scan_type AS scan_type, scans.target AS target, scans.status AS status, scans.config AS config, scans.result_summary AS result_summary, scans.started_at AS started_at, scans.finished_at AS finished_at, scans.error_message AS error_message, scans.created_by AS created_by 
FROM scans 
WHERE scans.scan_type = ?) AS anon_1
[2026-03-10 23:43:29] INFO     sqlalchemy.engine.Engine Ś SELECT count(*) AS count_1 
FROM (SELECT scans.id AS id, scans.scan_type AS scan_type, scans.target AS target, scans.status AS status, scans.config AS config, scans.result_summary AS result_summary, scans.started_at AS started_at, scans.finished_at AS finished_at, scans.error_message AS error_message, scans.created_by AS created_by 
FROM scans 
WHERE scans.scan_type = ?) AS anon_1
2026-03-10 23:43:29,789 INFO sqlalchemy.engine.Engine [generated in 0.00026s] ('recon',)
[2026-03-10 23:43:29] INFO     sqlalchemy.engine.Engine Ś [generated in 0.00026s] ('recon',)
2026-03-10T18:13:29.790268Z [info     ] http.request                   duration_ms=40.9 [2026-03-10 23:43:29] DEBUG    aiosqlite Ś executing functools.partial(<built-in method cursor of sqlite3.Connection object at 0x0000019FA2F7AE30>)
method=GET path=/api/v1/ai/modules[2026-03-10 23:43:29] DEBUG    aiosqlite Ś operation functools.partial(<built-in method cursor of sqlite3.Connection object at 0x0000019FA2F7AE30>) completed
 status=200
[2026-03-10 23:43:29] INFO     uvicorn.access Ś 127.0.0.1:50714 - "GET /api/v1/ai/modules HTTP/1.1" 200
[2026-03-10 23:43:29] DEBUG    aiosqlite Ś executing functools.partial(<built-in method execute of sqlite3.Cursor object at 0x0000019FA35E56C0>, 'SELECT count(*) AS count_1 \nFROM (SELECT scans.id AS id, scans.scan_type AS scan_type, scans.target AS target, scans.status AS status, scans.config AS config, scans.result_summary AS result_summary, scans.started_at AS started_at, scans.finished_at AS finished_at, scans.error_message AS error_message, scans.created_by AS created_by \nFROM scans \nWHERE scans.scan_type = ?) AS anon_1', ('recon',))
[2026-03-10 23:43:29] DEBUG    aiosqlite Ś operation functools.partial(<built-in method execute of sqlite3.Cursor object at 0x0000019FA35E56C0>, 'SELECT count(*) AS count_1 \nFROM (SELECT scans.id AS id, scans.scan_type AS scan_type, scans.target AS target, scans.status AS status, scans.config AS config, scans.result_summary AS result_summary, scans.started_at AS started_at, scans.finished_at AS finished_at, scans.error_message AS error_message, scans.created_by AS created_by \nFROM scans \nWHERE scans.scan_type = ?) AS anon_1', ('recon',)) completed
[2026-03-10 23:43:29] DEBUG    aiosqlite Ś executing functools.partial(<built-in method fetchall of sqlite3.Cursor object at 0x0000019FA35E56C0>)
[2026-03-10 23:43:29] DEBUG    aiosqlite Ś operation functools.partial(<built-in method fetchall of sqlite3.Cursor object at 0x0000019FA35E56C0>) completed
[2026-03-10 23:43:29] DEBUG    aiosqlite Ś executing functools.partial(<built-in method close of sqlite3.Cursor object at 0x0000019FA35E56C0>)
[2026-03-10 23:43:29] DEBUG    aiosqlite Ś operation functools.partial(<built-in method close of sqlite3.Cursor object at 0x0000019FA35E56C0>) completed
2026-03-10 23:43:29,796 INFO sqlalchemy.engine.Engine SELECT scans.id, scans.scan_type, scans.target, scans.status, scans.config, scans.result_summary, scans.started_at, scans.finished_at, scans.error_message, scans.created_by 
FROM scans 
WHERE scans.scan_type = ? ORDER BY scans.started_at DESC
 LIMIT ? OFFSET ?
[2026-03-10 23:43:29] INFO     sqlalchemy.engine.Engine Ś SELECT scans.id, scans.scan_type, scans.target, scans.status, scans.config, scans.result_summary, scans.started_at, scans.finished_at, scans.error_message, scans.created_by 
FROM scans 
WHERE scans.scan_type = ? ORDER BY scans.started_at DESC
 LIMIT ? OFFSET ?
2026-03-10 23:43:29,797 INFO sqlalchemy.engine.Engine [generated in 0.00033s] ('recon', 50, 0)
[2026-03-10 23:43:29] INFO     sqlalchemy.engine.Engine Ś [generated in 0.00033s] ('recon', 50, 0)
[2026-03-10 23:43:29] DEBUG    aiosqlite Ś executing functools.partial(<built-in method cursor of sqlite3.Connection object at 0x0000019FA2F7AE30>)
[2026-03-10 23:43:29] DEBUG    aiosqlite Ś operation functools.partial(<built-in method cursor of sqlite3.Connection object at 0x0000019FA2F7AE30>) completed
[2026-03-10 23:43:29] DEBUG    aiosqlite Ś executing functools.partial(<built-in method execute of sqlite3.Cursor object at 0x0000019FA35BBB40>, 'SELECT scans.id, scans.scan_type, scans.target, scans.status, scans.config, scans.result_summary, scans.started_at, scans.finished_at, scans.error_message, scans.created_by \nFROM scans \nWHERE scans.scan_type = ? ORDER BY scans.started_at DESC\n LIMIT ? OFFSET ?', ('recon', 50, 0))
[2026-03-10 23:43:29] DEBUG    aiosqlite Ś operation functools.partial(<built-in method execute of sqlite3.Cursor object at 0x0000019FA35BBB40>, 'SELECT scans.id, scans.scan_type, scans.target, scans.status, scans.config, scans.result_summary, scans.started_at, scans.finished_at, scans.error_message, scans.created_by \nFROM scans \nWHERE scans.scan_type = ? ORDER BY scans.started_at DESC\n LIMIT ? OFFSET ?', ('recon', 50, 0)) completed
[2026-03-10 23:43:29] DEBUG    aiosqlite Ś executing functools.partial(<built-in method fetchall of sqlite3.Cursor object at 0x0000019FA35BBB40>)
[2026-03-10 23:43:29] DEBUG    aiosqlite Ś operation functools.partial(<built-in method fetchall of sqlite3.Cursor object at 0x0000019FA35BBB40>) completed
[2026-03-10 23:43:29] DEBUG    aiosqlite Ś executing functools.partial(<built-in method close of sqlite3.Cursor object at 0x0000019FA35BBB40>)
2026-03-10 23:43:29,801 INFO sqlalchemy.engine.Engine COMMIT
[2026-03-10 23:43:29] DEBUG    aiosqlite Ś operation functools.partial(<built-in method close of sqlite3.Cursor object at 0x0000019FA35BBB40>) completed
[2026-03-10 23:43:29] INFO     sqlalchemy.engine.Engine Ś COMMIT
2026-03-10T18:13:29.801923Z [info     ] http.request                   duration_ms=52.5 [2026-03-10 23:43:29] DEBUG    aiosqlite Ś executing functools.partial(<built-in method commit of sqlite3.Connection object at 0x0000019FA2F7AE30>)
method=GET path=/api/v1/recon/results [2026-03-10 23:43:29] DEBUG    aiosqlite Ś operation functools.partial(<built-in method commit of sqlite3.Connection object at 0x0000019FA2F7AE30>) completed
status=200
[2026-03-10 23:43:29] INFO     uvicorn.access Ś 127.0.0.1:57942 - "GET /api/v1/recon/results?limit=50 HTTP/1.1" 200
[2026-03-10 23:43:29] DEBUG    aiosqlite Ś executing functools.partial(<built-in method rollback of sqlite3.Connection object at 0x0000019FA2F7AE30>)
[2026-03-10 23:43:29] DEBUG    aiosqlite Ś operation functools.partial(<built-in method rollback of sqlite3.Connection object at 0x0000019FA2F7AE30>) completed
2026-03-10T18:14:07.154978Z [info     ] http.request                   duration_ms=2.5 method=GET path=/ status=200
[2026-03-10 23:44:07] INFO     uvicorn.access Ś 127.0.0.1:54519 - "GET / HTTP/1.1" 200
2026-03-10T18:14:07.189933Z [info     ] http.request                   duration_ms=4.3 method=GET path=/assets/index-D98Nkar5.js status=200
[2026-03-10 23:44:07] INFO     uvicorn.access Ś 127.0.0.1:54519 - "GET /assets/index-D98Nkar5.js HTTP/1.1" 200
2026-03-10T18:14:07.191743Z [info     ] http.request                   duration_ms=4.3 method=GET path=/assets/index-DTtpqpfC.css status=200
[2026-03-10 23:44:07] INFO     uvicorn.access Ś 127.0.0.1:52368 - "GET /assets/index-DTtpqpfC.css HTTP/1.1" 200
2026-03-10T18:15:29.945649Z [info     ] http.request                   duration_ms=3.7 method=GET path=/doc status=200
[2026-03-10 23:45:29] INFO     uvicorn.access Ś 127.0.0.1:49232 - "GET /doc HTTP/1.1" 200
2026-03-10T18:15:35.152876Z [info     ] http.request                   duration_ms=2.1 method=GET path=/docs status=200
[2026-03-10 23:45:35] INFO     uvicorn.access Ś 127.0.0.1:63055 - "GET /docs HTTP/1.1" 200
2026-03-10T18:15:46.201488Z [info     ] http.request                   duration_ms=0.8 method=GET path=/docs status=200
[2026-03-10 23:45:46] INFO     uvicorn.access Ś 127.0.0.1:49642 - "GET /docs HTTP/1.1" 200
2026-03-10T18:15:54.140600Z [info     ] http.request                   duration_ms=1.0 method=GET path=/health status=200
[2026-03-10 23:45:54] INFO     uvicorn.access Ś 127.0.0.1:62799 - "GET /health HTTP/1.1" 200
2026-03-10T18:15:54.247366Z [info     ] http.request                   duration_ms=1.5 method=GET path=/favicon.ico status=404
[2026-03-10 23:45:54] INFO     uvicorn.access Ś 127.0.0.1:62799 - "GET /favicon.ico HTTP/1.1" 404
^C